<?xml version="1.0" encoding="UTF-8"?>
<!-- Generated by org.testng.reporters.JUnitXMLReporter -->
<testsuite ignored="0" hostname="DESKTOP-CHK7PKJ" failures="0" tests="4" name="Default test" time="10.92" errors="0" timestamp="2023-06-22T14:47:55 EDT">
  <testcase classname="io.cucumber.testng.AbstractTestNGCucumberTests" name="runScenario" time="4.864"/>
  <testcase classname="io.cucumber.testng.AbstractTestNGCucumberTests" name="runScenario" time="2.654"/>
  <testcase classname="io.cucumber.testng.AbstractTestNGCucumberTests" name="runScenario" time="2.297"/>
  <testcase classname="com.testrun.CucumberRunner" name="test1" time="0.001"/>
</testsuite> <!-- Default test -->
