<?xml version="1.0" encoding="UTF-8"?>
<!-- Generated by org.testng.reporters.JUnitXMLReporter -->
<testsuite ignored="0" hostname="DESKTOP-CHK7PKJ" failures="0" tests="4" name="Test" time="12.599" errors="0" timestamp="2023-06-22T16:02:00 EDT">
  <testcase classname="io.cucumber.testng.AbstractTestNGCucumberTests" name="runScenario" time="6.336"/>
  <testcase classname="io.cucumber.testng.AbstractTestNGCucumberTests" name="runScenario" time="2.664"/>
  <testcase classname="io.cucumber.testng.AbstractTestNGCucumberTests" name="runScenario" time="2.383"/>
  <testcase classname="com.testrun.CucumberRunner" name="test1" time="0.002"/>
</testsuite> <!-- Test -->
