<?xml version="1.0" encoding="UTF-8"?>
<!-- Generated by org.testng.reporters.JUnitXMLReporter -->
<testsuite ignored="0" hostname="DESKTOP-CHK7PKJ" failures="0" tests="4" name="Test" time="11.695" errors="0" timestamp="2023-06-22T16:13:52 EDT">
  <testcase classname="com.testrun.CucumberRunner" name="test1" time="0.003"/>
  <testcase classname="io.cucumber.testng.AbstractTestNGCucumberTests" name="runScenario" time="4.816"/>
  <testcase classname="io.cucumber.testng.AbstractTestNGCucumberTests" name="runScenario" time="2.6"/>
  <testcase classname="io.cucumber.testng.AbstractTestNGCucumberTests" name="runScenario" time="2.917"/>
</testsuite> <!-- Test -->
